<assembly xmlns="http://maven.apache.org/ASSEMBLY/2.2.0"
          xmlns:xsi="http://www.w3.org/2001/XMLSchema-instance"
          xsi:schemaLocation="http://maven.apache.org/ASSEMBLY/2.2.0 https://maven.apache.org/xsd/assembly-2.2.0.xsd">

    <id>test-jar-with-deps</id>
    <formats>
        <format>jar</format>
    </formats>
    <includeBaseDirectory>false</includeBaseDirectory>

    <dependencySets>

        <!-- this pulls in our test code -->
        <dependencySet>
            <outputDirectory>/</outputDirectory>
            <includes>
                <include>${project.groupId}:${project.artifactId}:test-jar</include>
            </includes>
            <useProjectAttachments>true</useProjectAttachments>
            <unpack>true</unpack>
            <scope>test</scope>
        </dependencySet>

        <!-- this pulls in all dependencies -->
        <dependencySet>
            <outputDirectory>/</outputDirectory>
            <useProjectArtifact>true</useProjectArtifact>
            <excludes>
                <exclude>${project.groupId}:${project.artifactId}:jar</exclude>
            </excludes>
            <unpack>true</unpack>
            <scope>test</scope>
        </dependencySet>
    </dependencySets>
</assembly>